Mobile/build/app/outputs/mapping/release/seeds.txt
com.example.kltn.MainActivity
com.example.kltn.MainActivity: MainActivity()
...
androidx.activity.ComponentActivity: void addMenuProvider(androidx.core.view.MenuProvider,androidx.lifecycle.LifecycleOwner)
androidx.window.layout.SidecarCompat$DistinctElementCallback: void onWindowLayoutChanged(android.app.Activity,androidx.window.layout.WindowLayoutInfo)
androidx.window.embedding.SplitPairFilter: boolean matchesActivityPair(android.app.Activity,android.app.Activity)
com.pichillilorenzo.flutter_inappwebview.types.UserScript: com.pichillilorenzo.flutter_inappwebview.types.ContentWorld getContentWorld()
androidx.appcompat.widget.SearchView: void setOnQueryTextFocusChangeListener(android.view.View$OnFocusChangeListener)
com.pichillilorenzo.flutter_inappwebview.in_app_webview.InAppWebView$4$1: InAppWebView$4$1(com.pichillilorenzo.flutter_inappwebview.in_app_webview.InAppWebView$4)
androidx.core.view.accessibility.AccessibilityViewCommand$MoveAtGranularityArguments: AccessibilityViewCommand$MoveAtGranularityArguments()
org.chromium.support_lib_boundary.WebkitToCompatConverterBoundaryInterface: java.lang.reflect.InvocationHandler convertSafeBrowsingResponse(java.lang.Object)
com.pichillilorenzo.flutter_inappwebview.headless_in_app_webview.HeadlessInAppWebView: void setSize(com.pichillilorenzo.flutter_inappwebview.types.Size2D)
androidx.core.content.ContextCompat$Api28Impl: java.util.concurrent.Executor getMainExecutor(android.content.Context)
com.dexterous.flutterlocalnotifications.FlutterLocalNotificationsPlugin: androidx.core.app.Person buildPerson(android.content.Context,com.dexterous.flutterlocalnotifications.models.PersonDetails)
androidx.activity.ComponentActivity: void onPictureInPictureModeChanged(boolean,android.content.res.Configuration)
com.pichillilorenzo.flutter_inappwebview.in_app_webview.InAppWebViewChromeClient$9: InAppWebViewChromeClient$9(com.pichillilorenzo.flutter_inappwebview.in_app_webview.InAppWebViewChromeClient,android.widget.EditText,android.webkit.JsPromptResult,java.lang.String)
androidx.core.widget.PopupWindowCompat$Api23Impl: boolean getOverlapAnchor(android.widget.PopupWindow)
org.chromium.support_lib_boundary.WebViewRendererBoundaryInterface: boolean terminate()
androidx.window.layout.WindowInfoTracker$Companion: void overrideDecorator(androidx.window.layout.WindowInfoTrackerDecorator)
com.pichillilorenzo.flutter_inappwebview.headless_in_app_webview.HeadlessInAppWebView: void onMethodCall(io.flutter.plugin.common.MethodCall,io.flutter.plugin.common.MethodChannel$Result)
com.pichillilorenzo.flutter_inappwebview.pull_to_refresh.PullToRefreshLayout: void prepare()
com.pichillilorenzo.flutter_inappwebview.types.UserContentController: void addPluginScripts(java.util.List)
com.pichillilorenzo.flutter_inappwebview.in_app_webview.InAppWebViewChromeClient: void openFileChooser(android.webkit.ValueCallback,java.lang.String,java.lang.String)
androidx.window.layout.WindowLayoutInfo: WindowLayoutInfo(java.util.List)
androidx.core.app.BundleCompat$Api18Impl: android.os.IBinder getBinder(android.os.Bundle,java.lang.String)
androidx.core.app.NotificationCompatBuilder$Api26Impl: android.app.Notification$Builder setColorized(android.app.Notification$Builder,boolean)
com.pichillilorenzo.flutter_inappwebview.content_blocker.ContentBlockerTrigger: void setIfDomain(java.util.List)
org.chromium.support_lib_boundary.WebkitToCompatConverterBoundaryInterface: java.lang.reflect.InvocationHandler convertWebResourceError(java.lang.Object)
androidx.appcompat.widget.AppCompatTextViewAutoSizeHelper$Impl29: boolean isHorizontallyScrollable(android.widget.TextView)
androidx.vectordrawable.graphics.drawable.VectorDrawableCompat$VPath: VectorDrawableCompat$VPath()
androidx.core.app.NotificationCompatBuilder$Api17Impl: android.app.Notification$Builder setShowWhen(android.app.Notification$Builder,boolean)
com.pichillilorenzo.flutter_inappwebview.chrome_custom_tabs.ChromeCustomTabsActivity$2: void onMessageChannelReady(android.os.Bundle)
androidx.core.widget.NestedScrollView: void setNestedScrollingEnabled(boolean)