Mobile/build/app/outputs/mapping/release/mapping.txt
# compiler: R8
# compiler_version: 3.3.70
# min_api: 21
# common_typos_disable
# {"id":"com.android.tools.r8.mapping","version":"2.0"}
# pg_map_id: 1b2d062
# pg_map_hash: SHA-256 1b2d0620d3749e24c5806f55e5381488cefc205f93f9e770bde66188941bc025
...
io.flutter.plugin.platform.AccessibilityEventsDelegate -> io.flutter.plugin.platform.a:
    io.flutter.view.AccessibilityBridge accessibilityBridge -> a
    boolean onAccessibilityHoverEvent(android.view.MotionEvent,boolean) -> a
    boolean requestSendAccessibilityEvent(android.view.View,android.view.View,android.view.accessibility.AccessibilityEvent) -> b
    void setAccessibilityBridge(io.flutter.view.AccessibilityBridge) -> c
io.flutter.plugin.platform.PlatformOverlayView -> io.flutter.plugin.platform.b:
    io.flutter.plugin.platform.AccessibilityEventsDelegate accessibilityDelegate -> l
io.flutter.plugin.platform.PlatformPlugin -> io.flutter.plugin.platform.f:
    io.flutter.plugin.platform.PlatformPlugin$PlatformPluginDelegate platformPluginDelegate -> c
    io.flutter.embedding.engine.systemchannels.PlatformChannel$SystemChromeStyle currentTheme -> d
    io.flutter.embedding.engine.systemchannels.PlatformChannel$PlatformMessageHandler mPlatformMessageHandler -> f
    int mEnabledOverlays -> e
    android.app.Activity activity -> a
    io.flutter.embedding.engine.systemchannels.PlatformChannel platformChannel -> b
    void setSystemChromePreferredOrientations(int) -> A
    void setSystemChromeSystemUIOverlayStyle(io.flutter.embedding.engine.systemchannels.PlatformChannel$SystemChromeStyle) -> B
    void updateSystemUiOverlays() -> C
    void vibrateHapticFeedback(io.flutter.embedding.engine.systemchannels.PlatformChannel$HapticFeedbackType) -> D
    void access$000(io.flutter.plugin.platform.PlatformPlugin,io.flutter.embedding.engine.systemchannels.PlatformChannel$SoundType) -> a
    void access$100(io.flutter.plugin.platform.PlatformPlugin,int) -> b
    java.lang.CharSequence access$1000(io.flutter.plugin.platform.PlatformPlugin,io.flutter.embedding.engine.systemchannels.PlatformChannel$ClipboardContentFormat) -> c
    void access$1100(io.flutter.plugin.platform.PlatformPlugin,java.lang.String) -> d
    boolean access$1200(io.flutter.plugin.platform.PlatformPlugin) -> e
io.flutter.plugin.platform.PlatformPlugin$$ExternalSyntheticApiModelOutline0 -> io.flutter.plugin.platform.c:
# {"id":"sourceFile","fileName":"R8$$SyntheticClass"}
# {"id":"com.android.tools.r8.synthesized"}
    void io.flutter.plugin.platform.PlatformPlugin$$InternalSyntheticApiModelOutline$1$e22893835d7798a2bd839d9070b861ced926cbc8d9e08e23d1de9cb60d556b23$0.m(android.view.Window,boolean) -> a
      # {"id":"com.android.tools.r8.synthesized"}
io.flutter.plugin.platform.PlatformPlugin$$ExternalSyntheticApiModelOutline1 -> io.flutter.plugin.platform.d:
# {"id":"sourceFile","fileName":"R8$$SyntheticClass"}
# {"id":"com.android.tools.r8.synthesized"}
    void io.flutter.plugin.platform.PlatformPlugin$$InternalSyntheticApiModelOutline$1$e22893835d7798a2bd839d9070b861ced926cbc8d9e08e23d1de9cb60d556b23$1.m(android.view.Window,int) -> a
      # {"id":"com.android.tools.r8.synthesized"}
io.flutter.plugin.platform.PlatformPlugin$$ExternalSyntheticApiModelOutline2 -> io.flutter.plugin.platform.e:
# {"id":"sourceFile","fileName":"R8$$SyntheticClass"}
# {"id":"com.android.tools.r8.synthesized"}
    void io.flutter.plugin.platform.PlatformPlugin$$InternalSyntheticApiModelOutline$1$e22893835d7798a2bd839d9070b861ced926cbc8d9e08e23d1de9cb60d556b23$2.m(android.view.Window,boolean) -> a
      # {"id":"com.android.tools.r8.synthesized"}