Mobile/build/app/outputs/mapping/release/usage.txt
com.example.kltn.BuildConfig
com.example.kltn.R$anim
com.example.kltn.R$animator
com.example.kltn.R$attr
com.example.kltn.R$bool
com.example.kltn.R$color
com.example.kltn.R$dimen
com.example.kltn.R$drawable
com.example.kltn.R$id
com.example.kltn.R$integer
com.example.kltn.R$interpolator
com.example.kltn.R$layout
com.example.kltn.R$menu
com.example.kltn.R$mipmap
com.example.kltn.R$raw
com.example.kltn.R$string
com.example.kltn.R$style
com.example.kltn.R$styleable
com.example.kltn.R$xml
com.example.kltn.R
...
io.flutter.plugins.pathprovider.R$styleable
io.flutter.plugins.pathprovider.R
io.flutter.plugins.pathprovider.StorageDirectoryMapper
io.flutter.plugins.sharedpreferences.BuildConfig
io.flutter.plugins.sharedpreferences.Messages$FlutterError:
    public void <init>(java.lang.String,java.lang.String,java.lang.Object)
io.flutter.plugins.sharedpreferences.Messages:
    public void <init>()
io.flutter.plugins.sharedpreferences.R$attr
io.flutter.plugins.sharedpreferences.R$color
io.flutter.plugins.sharedpreferences.R$dimen
io.flutter.plugins.sharedpreferences.R$drawable
io.flutter.plugins.sharedpreferences.R$id
io.flutter.plugins.sharedpreferences.R$integer
io.flutter.plugins.sharedpreferences.R$layout
io.flutter.plugins.sharedpreferences.R$string
io.flutter.plugins.sharedpreferences.R$style
io.flutter.plugins.sharedpreferences.R$styleable
io.flutter.plugins.sharedpreferences.R
io.flutter.plugins.sharedpreferences.SharedPreferencesPlugin:
    private static final java.lang.String BIG_INTEGER_PREFIX
    private static final java.lang.String DOUBLE_PREFIX
    private static final java.lang.String LIST_IDENTIFIER
    private static final java.lang.String SHARED_PREFERENCES_NAME
    private static final java.lang.String TAG
    public static void registerWith(io.flutter.plugin.common.PluginRegistry$Registrar)
io.flutter.plugins.urllauncher.BuildConfig
io.flutter.plugins.urllauncher.Messages$BrowserOptions$Builder
io.flutter.plugins.urllauncher.Messages$WebViewOptions$Builder
io.flutter.plugins.urllauncher.Messages:
    public void <init>()
io.flutter.plugins.urllauncher.R$attr
io.flutter.plugins.urllauncher.R$color
io.flutter.plugins.urllauncher.R$dimen
io.flutter.plugins.urllauncher.R$drawable
io.flutter.plugins.urllauncher.R$id
io.flutter.plugins.urllauncher.R$integer
io.flutter.plugins.urllauncher.R$layout
io.flutter.plugins.urllauncher.R$string
io.flutter.plugins.urllauncher.R$style
io.flutter.plugins.urllauncher.R$styleable
io.flutter.plugins.urllauncher.R$xml
io.flutter.plugins.urllauncher.R
io.flutter.plugins.urllauncher.UrlLauncher:
    private static final java.lang.String TAG
io.flutter.plugins.urllauncher.UrlLauncherPlugin:
    private static final java.lang.String TAG
    public static void registerWith(io.flutter.plugin.common.PluginRegistry$Registrar)
io.flutter.plugins.urllauncher.WebViewActivity:
    public static final java.lang.String ACTION_CLOSE
    static final java.lang.String ENABLE_DOM_EXTRA
    static final java.lang.String ENABLE_JS_EXTRA
    static final java.lang.String URL_EXTRA
io.flutter.plugins.videoplayer.BuildConfig
io.flutter.plugins.videoplayer.Messages$CreateMessage$Builder
io.flutter.plugins.videoplayer.Messages$FlutterError:
    public void <init>(java.lang.String,java.lang.String,java.lang.Object)
io.flutter.plugins.videoplayer.Messages$LoopingMessage$Builder
io.flutter.plugins.videoplayer.Messages$MixWithOthersMessage$Builder
io.flutter.plugins.videoplayer.Messages$PlaybackSpeedMessage$Builder
io.flutter.plugins.videoplayer.Messages$VolumeMessage$Builder
io.flutter.plugins.videoplayer.Messages:
    public void <init>()
io.flutter.plugins.videoplayer.R$attr
io.flutter.plugins.videoplayer.R$color
io.flutter.plugins.videoplayer.R$dimen
io.flutter.plugins.videoplayer.R$drawable
io.flutter.plugins.videoplayer.R$id
io.flutter.plugins.videoplayer.R$integer
io.flutter.plugins.videoplayer.R$layout
io.flutter.plugins.videoplayer.R$string
io.flutter.plugins.videoplayer.R$style
io.flutter.plugins.videoplayer.R$styleable
io.flutter.plugins.videoplayer.R